This is pdfTeX, Version 3.141592653-2.6-1.40.24 (MiKTeX 21.12) (preloaded format=pdflatex 2022.1.30)  16 FEB 2022 00:01
entering extended mode
 restricted \write18 enabled.
 %&-line parsing enabled.
**./file.tex
(file.tex
LaTeX2e <2021-11-15> patch level 1
L3 programming layer <2021-11-22>
(C:\Users\Lawrence\AppData\Local\Programs\MiKTeX\tex/latex/base\article.cls
Document Class: article 2021/10/04 v1.4n Standard LaTeX document class
(C:\Users\Lawrence\AppData\Local\Programs\MiKTeX\tex/latex/base\size12.clo
File: size12.clo 2021/10/04 v1.4n Standard LaTeX file (size option)
)
\c@part=\count183
\c@section=\count184
\c@subsection=\count185
\c@subsubsection=\count186
\c@paragraph=\count187
\c@subparagraph=\count188
\c@figure=\count189
\c@table=\count190
\abovecaptionskip=\skip47
\belowcaptionskip=\skip48
\bibindent=\dimen138
)
(C:\Users\Lawrence\AppData\Local\Programs\MiKTeX\tex/latex/caption\subcaption.s
ty
Package: subcaption 2020/10/07 v1.3j Sub-captions (AR)

(C:\Users\Lawrence\AppData\Local\Programs\MiKTeX\tex/latex/caption\caption.sty
Package: caption 2020/10/26 v3.5g Customizing captions (AR)

(C:\Users\Lawrence\AppData\Local\Programs\MiKTeX\tex/latex/caption\caption3.sty
Package: caption3 2020/10/21 v2.2e caption3 kernel (AR)
(C:\Users\Lawrence\AppData\Local\Programs\MiKTeX\tex/latex/graphics\keyval.sty
Package: keyval 2014/10/28 v1.15 key=value parser (DPC)
\KV@toks@=\toks16
)
\captionmargin=\dimen139
\captionmargin@=\dimen140
\captionwidth=\dimen141
\caption@tempdima=\dimen142
\caption@indent=\dimen143
\caption@parindent=\dimen144
\caption@hangindent=\dimen145
Package caption Info: Standard document class detected.
)
\c@caption@flags=\count191
\c@continuedfloat=\count192
)
\c@subfigure=\count193
\c@subtable=\count194
)
(C:\Users\Lawrence\AppData\Local\Programs\MiKTeX\tex/latex/graphics\graphicx.st
y
Package: graphicx 2021/09/16 v1.2d Enhanced LaTeX Graphics (DPC,SPQR)

(C:\Users\Lawrence\AppData\Local\Programs\MiKTeX\tex/latex/graphics\graphics.st
y
Package: graphics 2021/03/04 v1.4d Standard LaTeX Graphics (DPC,SPQR)
 (C:\Users\Lawrence\AppData\Local\Programs\MiKTeX\tex/latex/graphics\trig.sty
Package: trig 2021/08/11 v1.11 sin cos tan (DPC)
)
(C:\Users\Lawrence\AppData\Local\Programs\MiKTeX\tex/latex/graphics-cfg\graphic
s.cfg
File: graphics.cfg 2016/06/04 v1.11 sample graphics configuration
)
Package graphics Info: Driver file: pdftex.def on input line 107.

(C:\Users\Lawrence\AppData\Local\Programs\MiKTeX\tex/latex/graphics-def\pdftex.
def
File: pdftex.def 2020/10/05 v1.2a Graphics/color driver for pdftex
))
\Gin@req@height=\dimen146
\Gin@req@width=\dimen147
)
(C:\Users\Lawrence\AppData\Local\Programs\MiKTeX\tex/latex/amsmath\amsmath.sty
Package: amsmath 2021/10/15 v2.17l AMS math features
\@mathmargin=\skip49

For additional information on amsmath, use the `?' option.
(C:\Users\Lawrence\AppData\Local\Programs\MiKTeX\tex/latex/amsmath\amstext.sty
Package: amstext 2021/08/26 v2.01 AMS text

(C:\Users\Lawrence\AppData\Local\Programs\MiKTeX\tex/latex/amsmath\amsgen.sty
File: amsgen.sty 1999/11/30 v2.0 generic functions
\@emptytoks=\toks17
\ex@=\dimen148
)) (C:\Users\Lawrence\AppData\Local\Programs\MiKTeX\tex/latex/amsmath\amsbsy.st
y
Package: amsbsy 1999/11/29 v1.2d Bold Symbols
\pmbraise@=\dimen149
) (C:\Users\Lawrence\AppData\Local\Programs\MiKTeX\tex/latex/amsmath\amsopn.sty
Package: amsopn 2021/08/26 v2.02 operator names
)
\inf@bad=\count195
LaTeX Info: Redefining \frac on input line 234.
\uproot@=\count196
\leftroot@=\count197
LaTeX Info: Redefining \overline on input line 399.
\classnum@=\count198
\DOTSCASE@=\count199
LaTeX Info: Redefining \ldots on input line 496.
LaTeX Info: Redefining \dots on input line 499.
LaTeX Info: Redefining \cdots on input line 620.
\Mathstrutbox@=\box50
\strutbox@=\box51
\big@size=\dimen150
LaTeX Font Info:    Redeclaring font encoding OML on input line 743.
LaTeX Font Info:    Redeclaring font encoding OMS on input line 744.
\macc@depth=\count266
\c@MaxMatrixCols=\count267
\dotsspace@=\muskip16
\c@parentequation=\count268
\dspbrk@lvl=\count269
\tag@help=\toks18
\row@=\count270
\column@=\count271
\maxfields@=\count272
\andhelp@=\toks19
\eqnshift@=\dimen151
\alignsep@=\dimen152
\tagshift@=\dimen153
\tagwidth@=\dimen154
\totwidth@=\dimen155
\lineht@=\dimen156
\@envbody=\toks20
\multlinegap=\skip50
\multlinetaggap=\skip51
\mathdisplay@stack=\toks21
LaTeX Info: Redefining \[ on input line 2938.
LaTeX Info: Redefining \] on input line 2939.
) (C:\Users\Lawrence\AppData\Local\Programs\MiKTeX\tex/latex/rsfso\rsfso.sty
Package: rsfso 2013/11/02 v1.01 U/rsfso (Michael Sharpe)

(C:\Users\Lawrence\AppData\Local\Programs\MiKTeX\tex/latex/xkeyval\xkeyval.sty
Package: xkeyval 2020/11/20 v2.8 package option processing (HA)

(C:\Users\Lawrence\AppData\Local\Programs\MiKTeX\tex/generic/xkeyval\xkeyval.te
x
(C:\Users\Lawrence\AppData\Local\Programs\MiKTeX\tex/generic/xkeyval\xkvutils.t
ex
\XKV@toks=\toks22
\XKV@tempa@toks=\toks23
)
\XKV@depth=\count273
File: xkeyval.tex 2014/12/03 v2.7a key=value parser (HA)
)))
(C:\Users\Lawrence\AppData\Local\Programs\MiKTeX\tex/latex/listings\listings.st
y
\lst@mode=\count274
\lst@gtempboxa=\box52
\lst@token=\toks24
\lst@length=\count275
\lst@currlwidth=\dimen157
\lst@column=\count276
\lst@pos=\count277
\lst@lostspace=\dimen158
\lst@width=\dimen159
\lst@newlines=\count278
\lst@lineno=\count279
\lst@maxwidth=\dimen160

(C:\Users\Lawrence\AppData\Local\Programs\MiKTeX\tex/latex/listings\lstmisc.sty
File: lstmisc.sty 2020/03/24 1.8d (Carsten Heinz)
\c@lstnumber=\count280
\lst@skipnumbers=\count281
\lst@framebox=\box53
)
(C:\Users\Lawrence\AppData\Local\Programs\MiKTeX\tex/latex/listings\listings.cf
g
File: listings.cfg 2020/03/24 1.8d listings configuration
))
Package: listings 2020/03/24 1.8d (Carsten Heinz)

(C:\Users\Lawrence\AppData\Local\Programs\MiKTeX\tex/latex/l3backend\l3backend-
pdftex.def
File: l3backend-pdftex.def 2021-10-18 L3 backend support: PDF output (pdfTeX)
\l__color_backend_stack_int=\count282
\l__pdf_internal_box=\box54
)
(C:\Users\Lawrence\Desktop\UCLA\Classes\ECE102\Homework 4\build\file.aux)
\openout1 = `file.aux'.

LaTeX Font Info:    Checking defaults for OML/cmm/m/it on input line 14.
LaTeX Font Info:    ... okay on input line 14.
LaTeX Font Info:    Checking defaults for OMS/cmsy/m/n on input line 14.
LaTeX Font Info:    ... okay on input line 14.
LaTeX Font Info:    Checking defaults for OT1/cmr/m/n on input line 14.
LaTeX Font Info:    ... okay on input line 14.
LaTeX Font Info:    Checking defaults for T1/cmr/m/n on input line 14.
LaTeX Font Info:    ... okay on input line 14.
LaTeX Font Info:    Checking defaults for TS1/cmr/m/n on input line 14.
LaTeX Font Info:    ... okay on input line 14.
LaTeX Font Info:    Checking defaults for OMX/cmex/m/n on input line 14.
LaTeX Font Info:    ... okay on input line 14.
LaTeX Font Info:    Checking defaults for U/cmr/m/n on input line 14.
LaTeX Font Info:    ... okay on input line 14.
Package caption Info: Begin \AtBeginDocument code.
Package caption Info: listings package is loaded.
Package caption Info: End \AtBeginDocument code.

(C:\Users\Lawrence\AppData\Local\Programs\MiKTeX\tex/context/base/mkii\supp-pdf
.mkii
[Loading MPS to PDF converter (version 2006.09.02).]
\scratchcounter=\count283
\scratchdimen=\dimen161
\scratchbox=\box55
\nofMPsegments=\count284
\nofMParguments=\count285
\everyMPshowfont=\toks25
\MPscratchCnt=\count286
\MPscratchDim=\dimen162
\MPnumerator=\count287
\makeMPintoPDFobject=\count288
\everyMPtoPDFconversion=\toks26
)
(C:\Users\Lawrence\AppData\Local\Programs\MiKTeX\tex/latex/epstopdf-pkg\epstopd
f-base.sty
Package: epstopdf-base 2020-01-24 v2.11 Base part for package epstopdf
Package epstopdf-base Info: Redefining graphics rule for `.eps' on input line 4
85.

(C:\Users\Lawrence\AppData\Local\Programs\MiKTeX\tex/latex/00miktex\epstopdf-sy
s.cfg
File: epstopdf-sys.cfg 2021/03/18 v2.0 Configuration of epstopdf for MiKTeX
))
\c@lstlisting=\count289
 [1

{C:/Users/Lawrence/AppData/Local/MiKTeX/fonts/map/pdftex/pdftex.map}] [2]
<fig1.jpg, id=18, 2166.0925pt x 1350.04375pt>
File: fig1.jpg Graphic file (type jpg)
<use fig1.jpg>
Package pdftex.def Info: fig1.jpg  used on input line 46.
(pdftex.def)             Requested size: 284.52756pt x 177.32465pt.
<fig2.png, id=19, 433.62pt x 289.08pt>
File: fig2.png Graphic file (type png)
<use fig2.png>
Package pdftex.def Info: fig2.png  used on input line 51.
(pdftex.def)             Requested size: 284.52756pt x 189.69504pt.
 [3 <./fig1.jpg> <./fig2.png>]
Overfull \hbox (85.86324pt too wide) detected at line 73
\OML/cmm/m/it/12 y\OT1/cmr/m/n/12 (\OML/cmm/m/it/12 t\OT1/cmr/m/n/12 ) = []
 []

[4]
<fig3.jpg, id=28, 4047.12pt x 3035.34pt>
File: fig3.jpg Graphic file (type jpg)
<use fig3.jpg>
Package pdftex.def Info: fig3.jpg  used on input line 78.
(pdftex.def)             Requested size: 284.52756pt x 213.3755pt.
 [5 <./fig3.jpg>] [6] [7] [8]
(C:\Users\Lawrence\Desktop\UCLA\Classes\ECE102\Homework 4\build\file.aux) ) 
Here is how much of TeX's memory you used:
 4802 strings out of 478659
 80705 string characters out of 2844498
 382823 words of memory out of 3000000
 22891 multiletter control sequences out of 15000+600000
 409416 words of font info for 48 fonts, out of 8000000 for 9000
 1141 hyphenation exceptions out of 8191
 67i,12n,77p,301b,356s stack positions out of 5000i,500n,10000p,200000b,80000s
<C:/
Users/Lawrence/AppData/Local/Programs/MiKTeX/fonts/type1/public/amsfonts/cm/cmb
x12.pfb><C:/Users/Lawrence/AppData/Local/Programs/MiKTeX/fonts/type1/public/ams
fonts/cm/cmex10.pfb><C:/Users/Lawrence/AppData/Local/Programs/MiKTeX/fonts/type
1/public/amsfonts/cm/cmmi12.pfb><C:/Users/Lawrence/AppData/Local/Programs/MiKTe
X/fonts/type1/public/amsfonts/cm/cmmi8.pfb><C:/Users/Lawrence/AppData/Local/Pro
grams/MiKTeX/fonts/type1/public/amsfonts/cm/cmr12.pfb><C:/Users/Lawrence/AppDat
a/Local/Programs/MiKTeX/fonts/type1/public/amsfonts/cm/cmr17.pfb><C:/Users/Lawr
ence/AppData/Local/Programs/MiKTeX/fonts/type1/public/amsfonts/cm/cmr6.pfb><C:/
Users/Lawrence/AppData/Local/Programs/MiKTeX/fonts/type1/public/amsfonts/cm/cmr
8.pfb><C:/Users/Lawrence/AppData/Local/Programs/MiKTeX/fonts/type1/public/amsfo
nts/cm/cmsy10.pfb><C:/Users/Lawrence/AppData/Local/Programs/MiKTeX/fonts/type1/
public/amsfonts/cm/cmsy8.pfb>
Output written on "C:\Users\Lawrence\Desktop\UCLA\Classes\ECE102\Homework 4\bui
ld\file.pdf" (8 pages, 1973565 bytes).
PDF statistics:
 84 PDF objects out of 1000 (max. 8388607)
 0 named destinations out of 1000 (max. 500000)
 16 words of extra memory for PDF output out of 10000 (max. 10000000)

